2019-09-20 10:44:15.854 +03:00 [Information] Приложение запущено
2019-09-20 10:44:15.956 +03:00 [Information] Запуск мигратора
2019-09-20 10:44:19.546 +03:00 [Information] Мигратор успешно отработал
2019-09-20 10:44:19.665 +03:00 [Information] Для завершения работы нажмите клавишу Q
2019-09-20 10:44:22.716 +03:00 [Information] Начинаю Копировать
2019-09-20 10:44:22.718 +03:00 [Information] Успешно
2019-09-20 10:44:23.467 +03:00 [Information] Запрос пытается отправиться на шину. JSON body:
 {"dataModel":{"name":"P5454-7ed6ab53-0e6f-4b37-bcf0-541310773b85.uprmes","path":"share/gateway/output/P5454-7ed6ab53-0e6f-4b37-bcf0-541310773b85.uprmes"},"recipient":"","method":"internal","uid":"P5454-7ed6ab53-0e6f-4b37-bcf0-541310773b85.uprmes"}
2019-09-20 10:44:23.467 +03:00 [Information] Адрес шины. :
 http://136.243.75.67:8041/integration/aSyncRequest
2019-09-20 10:44:24.836 +03:00 [Error] Ошибка при отправке запроса.Response: {"timestamp":"2019-09-20T07:44:24.352+0000","status":500,"error":"Internal Server Error","message":"Ошибка сервиса регистрации500 : {\"timestamp\":\"2019-09-20T07:44:24.257+0000\",\"status\":500,\"error\":\"Internal Server Error\",\"message\":\"service : disable\",\"path\":\"/registry/service/prepareRequest\"}","path":"/integration/aSyncRequest"}
 Request Body: {"dataModel":{"name":"P5454-7ed6ab53-0e6f-4b37-bcf0-541310773b85.uprmes","path":"share/gateway/output/P5454-7ed6ab53-0e6f-4b37-bcf0-541310773b85.uprmes"},"recipient":"","method":"internal","uid":"P5454-7ed6ab53-0e6f-4b37-bcf0-541310773b85.uprmes"}
System.Net.WebException: The remote server returned an error: (500) .
   at System.Net.HttpWebRequest.GetResponse()
   at FileMonitoring.Common.ApiClient.ApiClient.GetResponse(WebRequest request) in /home/apervushin/RiderProjects/foms-gateway-dotnet/file-monitoring-net-core/FileMonitoring.Common/ApiClient/ApiClient.cs:line 122
   at FileMonitoring.Common.ApiClient.ApiClient.SendFileInfoRequest(SendingTask task, String recipient, String uid) in /home/apervushin/RiderProjects/foms-gateway-dotnet/file-monitoring-net-core/FileMonitoring.Common/ApiClient/ApiClient.cs:line 63
2019-09-20 10:44:25.287 +03:00 [Information] Запрос пытается отправиться на шину. JSON body:
 {"dataModel":{"name":"P5428-9f3b9a18-87fb-44e1-bd71-fdc475eda642.uprmes","path":"share/gateway/outputRegion/P5428-9f3b9a18-87fb-44e1-bd71-fdc475eda642.uprmes"},"recipient":"","method":"internal","uid":"P5428-9f3b9a18-87fb-44e1-bd71-fdc475eda642.uprmes"}
2019-09-20 10:44:25.287 +03:00 [Information] Адрес шины. :
 http://136.243.75.67:8041/integration/aSyncRequest
2019-09-20 10:44:25.516 +03:00 [Error] Ошибка при отправке запроса.Response: {"timestamp":"2019-09-20T07:44:25.386+0000","status":500,"error":"Internal Server Error","message":"Ошибка сервиса регистрации500 : {\"timestamp\":\"2019-09-20T07:44:25.381+0000\",\"status\":500,\"error\":\"Internal Server Error\",\"message\":\"service : disable\",\"path\":\"/registry/service/prepareRequest\"}","path":"/integration/aSyncRequest"}
 Request Body: {"dataModel":{"name":"P5428-9f3b9a18-87fb-44e1-bd71-fdc475eda642.uprmes","path":"share/gateway/outputRegion/P5428-9f3b9a18-87fb-44e1-bd71-fdc475eda642.uprmes"},"recipient":"","method":"internal","uid":"P5428-9f3b9a18-87fb-44e1-bd71-fdc475eda642.uprmes"}
System.Net.WebException: The remote server returned an error: (500) .
   at System.Net.HttpWebRequest.GetResponse()
   at FileMonitoring.Common.ApiClient.ApiClient.GetResponse(WebRequest request) in /home/apervushin/RiderProjects/foms-gateway-dotnet/file-monitoring-net-core/FileMonitoring.Common/ApiClient/ApiClient.cs:line 122
   at FileMonitoring.Common.ApiClient.ApiClient.SendFileInfoRequest(SendingTask task, String recipient, String uid) in /home/apervushin/RiderProjects/foms-gateway-dotnet/file-monitoring-net-core/FileMonitoring.Common/ApiClient/ApiClient.cs:line 63
2019-09-20 10:44:25.692 +03:00 [Information] Запрос пытается отправиться на шину. JSON body:
 {"dataModel":{"name":"P5416-ba3338d6-a690-4c7e-b3f1-4017983a91d8.uprmes","path":"share/gateway/outputRegion/P5416-ba3338d6-a690-4c7e-b3f1-4017983a91d8.uprmes"},"recipient":"","method":"internal","uid":"P5416-ba3338d6-a690-4c7e-b3f1-4017983a91d8.uprmes"}
2019-09-20 10:44:25.692 +03:00 [Information] Адрес шины. :
 http://136.243.75.67:8041/integration/aSyncRequest
2019-09-20 10:44:25.933 +03:00 [Error] Ошибка при отправке запроса.Response: {"timestamp":"2019-09-20T07:44:25.795+0000","status":500,"error":"Internal Server Error","message":"Ошибка сервиса регистрации500 : {\"timestamp\":\"2019-09-20T07:44:25.791+0000\",\"status\":500,\"error\":\"Internal Server Error\",\"message\":\"service : disable\",\"path\":\"/registry/service/prepareRequest\"}","path":"/integration/aSyncRequest"}
 Request Body: {"dataModel":{"name":"P5416-ba3338d6-a690-4c7e-b3f1-4017983a91d8.uprmes","path":"share/gateway/outputRegion/P5416-ba3338d6-a690-4c7e-b3f1-4017983a91d8.uprmes"},"recipient":"","method":"internal","uid":"P5416-ba3338d6-a690-4c7e-b3f1-4017983a91d8.uprmes"}
System.Net.WebException: The remote server returned an error: (500) .
   at System.Net.HttpWebRequest.GetResponse()
   at FileMonitoring.Common.ApiClient.ApiClient.GetResponse(WebRequest request) in /home/apervushin/RiderProjects/foms-gateway-dotnet/file-monitoring-net-core/FileMonitoring.Common/ApiClient/ApiClient.cs:line 122
   at FileMonitoring.Common.ApiClient.ApiClient.SendFileInfoRequest(SendingTask task, String recipient, String uid) in /home/apervushin/RiderProjects/foms-gateway-dotnet/file-monitoring-net-core/FileMonitoring.Common/ApiClient/ApiClient.cs:line 63
2019-09-20 10:46:20.603 +03:00 [Information] Приложение запущено
2019-09-20 10:46:20.696 +03:00 [Information] Запуск мигратора
2019-09-20 10:46:23.840 +03:00 [Information] Мигратор успешно отработал
2019-09-20 10:46:23.938 +03:00 [Information] Для завершения работы нажмите клавишу Q
2019-09-20 10:47:25.660 +03:00 [Information] Начинаю Копировать
2019-09-20 10:47:49.327 +03:00 [Information] Успешно
2019-09-20 10:48:47.157 +03:00 [Information] Приложение запущено
2019-09-20 10:48:47.244 +03:00 [Information] Запуск мигратора
2019-09-20 10:48:50.671 +03:00 [Information] Мигратор успешно отработал
2019-09-20 10:48:50.763 +03:00 [Information] Для завершения работы нажмите клавишу Q
2019-09-20 10:48:57.066 +03:00 [Information] Начинаю Копировать
2019-09-20 10:49:05.958 +03:00 [Error] Ошибка при опросе папок
System.IO.DirectoryNotFoundException: Could not find a part of the path '/home/apervushin/Рабочий\ стол/test/test.txt'.
   at Interop.ThrowExceptionForIoErrno(ErrorInfo errorInfo, String path, Boolean isDirectory, Func`2 errorRewriter)
   at Interop.CheckIo(Error error, String path, Boolean isDirectory, Func`2 errorRewriter)
   at Microsoft.Win32.SafeHandles.SafeFileHandle.Open(String path, OpenFlags flags, Int32 mode)
   at System.IO.FileStream.OpenHandle(FileMode mode, FileShare share, FileOptions options)
   at System.IO.FileStream..ctor(String path, FileMode mode, FileAccess access, FileShare share, Int32 bufferSize, FileOptions options)
   at System.IO.FileSystem.CopyFile(String sourceFullPath, String destFullPath, Boolean overwrite)
   at System.IO.File.Copy(String sourceFileName, String destFileName, Boolean overwrite)
   at FileMonitoring.Common.ApiClient.FileManager.CopyFile(String file) in /home/apervushin/RiderProjects/foms-gateway-dotnet/file-monitoring-net-core/FileMonitoring.Common/ApiClient/FileManager.cs:line 39
   at FileMonitoring.Common.ApiClient.FileManager.SendFile(String file) in /home/apervushin/RiderProjects/foms-gateway-dotnet/file-monitoring-net-core/FileMonitoring.Common/ApiClient/FileManager.cs:line 31
   at FileMonitoring.Scheduler.Jobs.FileMonitoringJob.Execute() in /home/apervushin/RiderProjects/foms-gateway-dotnet/file-monitoring-net-core/FileMonitoring.Scheduler/Jobs/FileMonitoringJob.cs:line 31
2019-09-20 10:49:07.455 +03:00 [Information] Начинаю Копировать
2019-09-20 10:49:10.149 +03:00 [Error] Ошибка при опросе папок
System.IO.DirectoryNotFoundException: Could not find a part of the path '/home/apervushin/Рабочий\ стол/test/test.txt'.
   at Interop.ThrowExceptionForIoErrno(ErrorInfo errorInfo, String path, Boolean isDirectory, Func`2 errorRewriter)
   at Interop.CheckIo(Error error, String path, Boolean isDirectory, Func`2 errorRewriter)
   at Microsoft.Win32.SafeHandles.SafeFileHandle.Open(String path, OpenFlags flags, Int32 mode)
   at System.IO.FileStream.OpenHandle(FileMode mode, FileShare share, FileOptions options)
   at System.IO.FileStream..ctor(String path, FileMode mode, FileAccess access, FileShare share, Int32 bufferSize, FileOptions options)
   at System.IO.FileSystem.CopyFile(String sourceFullPath, String destFullPath, Boolean overwrite)
   at System.IO.File.Copy(String sourceFileName, String destFileName, Boolean overwrite)
   at FileMonitoring.Common.ApiClient.FileManager.CopyFile(String file) in /home/apervushin/RiderProjects/foms-gateway-dotnet/file-monitoring-net-core/FileMonitoring.Common/ApiClient/FileManager.cs:line 39
   at FileMonitoring.Common.ApiClient.FileManager.SendFile(String file) in /home/apervushin/RiderProjects/foms-gateway-dotnet/file-monitoring-net-core/FileMonitoring.Common/ApiClient/FileManager.cs:line 31
   at FileMonitoring.Scheduler.Jobs.FileMonitoringJob.Execute() in /home/apervushin/RiderProjects/foms-gateway-dotnet/file-monitoring-net-core/FileMonitoring.Scheduler/Jobs/FileMonitoringJob.cs:line 31
2019-09-20 10:49:11.080 +03:00 [Information] Начинаю Копировать
2019-09-20 10:49:11.752 +03:00 [Error] Ошибка при опросе папок
System.IO.DirectoryNotFoundException: Could not find a part of the path '/home/apervushin/Рабочий\ стол/test/test.txt'.
   at Interop.ThrowExceptionForIoErrno(ErrorInfo errorInfo, String path, Boolean isDirectory, Func`2 errorRewriter)
   at Interop.CheckIo(Error error, String path, Boolean isDirectory, Func`2 errorRewriter)
   at Microsoft.Win32.SafeHandles.SafeFileHandle.Open(String path, OpenFlags flags, Int32 mode)
   at System.IO.FileStream.OpenHandle(FileMode mode, FileShare share, FileOptions options)
   at System.IO.FileStream..ctor(String path, FileMode mode, FileAccess access, FileShare share, Int32 bufferSize, FileOptions options)
   at System.IO.FileSystem.CopyFile(String sourceFullPath, String destFullPath, Boolean overwrite)
   at System.IO.File.Copy(String sourceFileName, String destFileName, Boolean overwrite)
   at FileMonitoring.Common.ApiClient.FileManager.CopyFile(String file) in /home/apervushin/RiderProjects/foms-gateway-dotnet/file-monitoring-net-core/FileMonitoring.Common/ApiClient/FileManager.cs:line 39
   at FileMonitoring.Common.ApiClient.FileManager.SendFile(String file) in /home/apervushin/RiderProjects/foms-gateway-dotnet/file-monitoring-net-core/FileMonitoring.Common/ApiClient/FileManager.cs:line 31
   at FileMonitoring.Scheduler.Jobs.FileMonitoringJob.Execute() in /home/apervushin/RiderProjects/foms-gateway-dotnet/file-monitoring-net-core/FileMonitoring.Scheduler/Jobs/FileMonitoringJob.cs:line 31
